Looking for git in: git
Using git 2.17.1 from git
> git rev-parse --show-toplevel
> git rev-parse --git-dir
> git config --get commit.template
Open repository: /home/datainfosec/work/src/github.com/alactic/mygoproject
> git status -z -u
> git check-ignore -v -z --stdin
> git symbolic-ref --short HEAD
> git rev-parse master
> git rev-parse --symbolic-full-name master@{u}
> git rev-list --left-right master...refs/remotes/origin/master
> git for-each-ref --format %(refname) %(objectname) --sort -committerdate
> git remote --verbose
Failed to watch ref '/home/datainfosec/work/src/github.com/alactic/mygoproject/.git/refs/remotes/origin/master', is most likely packed.
Error: ENOENT: no such file or directory, watch '/home/datainfosec/work/src/github.com/alactic/mygoproject/.git/refs/remotes/origin/master'
	at FSWatcher.start (internal/fs/watchers.js:164:26)
	at Object.watch (fs.js:1232:11)
	at Object.t.watch (/snap/code/18/usr/share/code/resources/app/extensions/git/dist/main.js:1:594401)
	at T.updateTransientWatchers (/snap/code/18/usr/share/code/resources/app/extensions/git/dist/main.js:1:98291)
	at l.fire (/snap/code/18/usr/share/code/resources/app/out/vs/workbench/services/extensions/node/extensionHostProcess.js:50:539)
	at k.updateModelState (/snap/code/18/usr/share/code/resources/app/extensions/git/dist/main.js:1:115979)
> git check-ignore -v -z --stdin
> git show :main.go
> git status -z -u
> git symbolic-ref --short HEAD
> git rev-parse master
> git rev-parse --symbolic-full-name master@{u}
> git rev-list --left-right master...refs/remotes/origin/master
> git for-each-ref --format %(refname) %(objectname) --sort -committerdate
> git remote --verbose
Failed to watch ref '/home/datainfosec/work/src/github.com/alactic/mygoproject/.git/refs/remotes/origin/master', is most likely packed.
Error: ENOENT: no such file or directory, watch '/home/datainfosec/work/src/github.com/alactic/mygoproject/.git/refs/remotes/origin/master'
	at FSWatcher.start (internal/fs/watchers.js:164:26)
	at Object.watch (fs.js:1232:11)
	at Object.t.watch (/snap/code/18/usr/share/code/resources/app/extensions/git/dist/main.js:1:594401)
	at T.updateTransientWatchers (/snap/code/18/usr/share/code/resources/app/extensions/git/dist/main.js:1:98291)
	at l.fire (/snap/code/18/usr/share/code/resources/app/out/vs/workbench/services/extensions/node/extensionHostProcess.js:50:539)
	at k.updateModelState (/snap/code/18/usr/share/code/resources/app/extensions/git/dist/main.js:1:115979)
> git status -z -u
> git symbolic-ref --short HEAD
> git rev-parse master
> git rev-parse --symbolic-full-name master@{u}
> git rev-list --left-right master...refs/remotes/origin/master
> git for-each-ref --format %(refname) %(objectname) --sort -committerdate
> git remote --verbose
Failed to watch ref '/home/datainfosec/work/src/github.com/alactic/mygoproject/.git/refs/remotes/origin/master', is most likely packed.
Error: ENOENT: no such file or directory, watch '/home/datainfosec/work/src/github.com/alactic/mygoproject/.git/refs/remotes/origin/master'
	at FSWatcher.start (internal/fs/watchers.js:164:26)
	at Object.watch (fs.js:1232:11)
	at Object.t.watch (/snap/code/18/usr/share/code/resources/app/extensions/git/dist/main.js:1:594401)
	at T.updateTransientWatchers (/snap/code/18/usr/share/code/resources/app/extensions/git/dist/main.js:1:98291)
	at l.fire (/snap/code/18/usr/share/code/resources/app/out/vs/workbench/services/extensions/node/extensionHostProcess.js:50:539)
	at k.updateModelState (/snap/code/18/usr/share/code/resources/app/extensions/git/dist/main.js:1:115979)
> git check-ignore -v -z --stdin
> git check-ignore -v -z --stdin
> git show :utils/router/router.go
> git status -z -u
> git symbolic-ref --short HEAD
> git rev-parse master
> git rev-parse --symbolic-full-name master@{u}
> git rev-list --left-right master...refs/remotes/origin/master
> git for-each-ref --format %(refname) %(objectname) --sort -committerdate
> git remote --verbose
Failed to watch ref '/home/datainfosec/work/src/github.com/alactic/mygoproject/.git/refs/remotes/origin/master', is most likely packed.
Error: ENOENT: no such file or directory, watch '/home/datainfosec/work/src/github.com/alactic/mygoproject/.git/refs/remotes/origin/master'
	at FSWatcher.start (internal/fs/watchers.js:164:26)
	at Object.watch (fs.js:1232:11)
	at Object.t.watch (/snap/code/18/usr/share/code/resources/app/extensions/git/dist/main.js:1:594401)
	at T.updateTransientWatchers (/snap/code/18/usr/share/code/resources/app/extensions/git/dist/main.js:1:98291)
	at l.fire (/snap/code/18/usr/share/code/resources/app/out/vs/workbench/services/extensions/node/extensionHostProcess.js:50:539)
	at k.updateModelState (/snap/code/18/usr/share/code/resources/app/extensions/git/dist/main.js:1:115979)
> git status -z -u
> git symbolic-ref --short HEAD
> git rev-parse master
> git rev-parse --symbolic-full-name master@{u}
> git rev-list --left-right master...refs/remotes/origin/master
> git for-each-ref --format %(refname) %(objectname) --sort -committerdate
> git remote --verbose
Failed to watch ref '/home/datainfosec/work/src/github.com/alactic/mygoproject/.git/refs/remotes/origin/master', is most likely packed.
Error: ENOENT: no such file or directory, watch '/home/datainfosec/work/src/github.com/alactic/mygoproject/.git/refs/remotes/origin/master'
	at FSWatcher.start (internal/fs/watchers.js:164:26)
	at Object.watch (fs.js:1232:11)
	at Object.t.watch (/snap/code/18/usr/share/code/resources/app/extensions/git/dist/main.js:1:594401)
	at T.updateTransientWatchers (/snap/code/18/usr/share/code/resources/app/extensions/git/dist/main.js:1:98291)
	at l.fire (/snap/code/18/usr/share/code/resources/app/out/vs/workbench/services/extensions/node/extensionHostProcess.js:50:539)
	at k.updateModelState (/snap/code/18/usr/share/code/resources/app/extensions/git/dist/main.js:1:115979)
> git check-ignore -v -z --stdin
> git check-ignore -v -z --stdin
> git show :utils/connection/connection.go
> git status -z -u
> git symbolic-ref --short HEAD
> git rev-parse master
> git rev-parse --symbolic-full-name master@{u}
> git rev-list --left-right master...refs/remotes/origin/master
> git for-each-ref --format %(refname) %(objectname) --sort -committerdate
> git remote --verbose
Failed to watch ref '/home/datainfosec/work/src/github.com/alactic/mygoproject/.git/refs/remotes/origin/master', is most likely packed.
Error: ENOENT: no such file or directory, watch '/home/datainfosec/work/src/github.com/alactic/mygoproject/.git/refs/remotes/origin/master'
	at FSWatcher.start (internal/fs/watchers.js:164:26)
	at Object.watch (fs.js:1232:11)
	at Object.t.watch (/snap/code/18/usr/share/code/resources/app/extensions/git/dist/main.js:1:594401)
	at T.updateTransientWatchers (/snap/code/18/usr/share/code/resources/app/extensions/git/dist/main.js:1:98291)
	at l.fire (/snap/code/18/usr/share/code/resources/app/out/vs/workbench/services/extensions/node/extensionHostProcess.js:50:539)
	at k.updateModelState (/snap/code/18/usr/share/code/resources/app/extensions/git/dist/main.js:1:115979)
> git status -z -u
> git symbolic-ref --short HEAD
> git rev-parse master
> git rev-parse --symbolic-full-name master@{u}
> git rev-list --left-right master...refs/remotes/origin/master
> git for-each-ref --format %(refname) %(objectname) --sort -committerdate
> git remote --verbose
Failed to watch ref '/home/datainfosec/work/src/github.com/alactic/mygoproject/.git/refs/remotes/origin/master', is most likely packed.
Error: ENOENT: no such file or directory, watch '/home/datainfosec/work/src/github.com/alactic/mygoproject/.git/refs/remotes/origin/master'
	at FSWatcher.start (internal/fs/watchers.js:164:26)
	at Object.watch (fs.js:1232:11)
	at Object.t.watch (/snap/code/18/usr/share/code/resources/app/extensions/git/dist/main.js:1:594401)
	at T.updateTransientWatchers (/snap/code/18/usr/share/code/resources/app/extensions/git/dist/main.js:1:98291)
	at l.fire (/snap/code/18/usr/share/code/resources/app/out/vs/workbench/services/extensions/node/extensionHostProcess.js:50:539)
	at k.updateModelState (/snap/code/18/usr/share/code/resources/app/extensions/git/dist/main.js:1:115979)
> git status -z -u
> git symbolic-ref --short HEAD
> git rev-parse master
> git rev-parse --symbolic-full-name master@{u}
> git rev-list --left-right master...refs/remotes/origin/master
> git for-each-ref --format %(refname) %(objectname) --sort -committerdate
> git remote --verbose
Failed to watch ref '/home/datainfosec/work/src/github.com/alactic/mygoproject/.git/refs/remotes/origin/master', is most likely packed.
Error: ENOENT: no such file or directory, watch '/home/datainfosec/work/src/github.com/alactic/mygoproject/.git/refs/remotes/origin/master'
	at FSWatcher.start (internal/fs/watchers.js:164:26)
	at Object.watch (fs.js:1232:11)
	at Object.t.watch (/snap/code/18/usr/share/code/resources/app/extensions/git/dist/main.js:1:594401)
	at T.updateTransientWatchers (/snap/code/18/usr/share/code/resources/app/extensions/git/dist/main.js:1:98291)
	at l.fire (/snap/code/18/usr/share/code/resources/app/out/vs/workbench/services/extensions/node/extensionHostProcess.js:50:539)
	at k.updateModelState (/snap/code/18/usr/share/code/resources/app/extensions/git/dist/main.js:1:115979)
> git status -z -u
> git symbolic-ref --short HEAD
> git rev-parse master
> git rev-parse --symbolic-full-name master@{u}
> git rev-list --left-right master...refs/remotes/origin/master
> git for-each-ref --format %(refname) %(objectname) --sort -committerdate
> git remote --verbose
Failed to watch ref '/home/datainfosec/work/src/github.com/alactic/mygoproject/.git/refs/remotes/origin/master', is most likely packed.
Error: ENOENT: no such file or directory, watch '/home/datainfosec/work/src/github.com/alactic/mygoproject/.git/refs/remotes/origin/master'
	at FSWatcher.start (internal/fs/watchers.js:164:26)
	at Object.watch (fs.js:1232:11)
	at Object.t.watch (/snap/code/18/usr/share/code/resources/app/extensions/git/dist/main.js:1:594401)
	at T.updateTransientWatchers (/snap/code/18/usr/share/code/resources/app/extensions/git/dist/main.js:1:98291)
	at l.fire (/snap/code/18/usr/share/code/resources/app/out/vs/workbench/services/extensions/node/extensionHostProcess.js:50:539)
	at k.updateModelState (/snap/code/18/usr/share/code/resources/app/extensions/git/dist/main.js:1:115979)
> git show :main.go
> git status -z -u
> git symbolic-ref --short HEAD
> git rev-parse master
> git rev-parse --symbolic-full-name master@{u}
> git rev-list --left-right master...refs/remotes/origin/master
> git for-each-ref --format %(refname) %(objectname) --sort -committerdate
> git remote --verbose
Failed to watch ref '/home/datainfosec/work/src/github.com/alactic/mygoproject/.git/refs/remotes/origin/master', is most likely packed.
Error: ENOENT: no such file or directory, watch '/home/datainfosec/work/src/github.com/alactic/mygoproject/.git/refs/remotes/origin/master'
	at FSWatcher.start (internal/fs/watchers.js:164:26)
	at Object.watch (fs.js:1232:11)
	at Object.t.watch (/snap/code/18/usr/share/code/resources/app/extensions/git/dist/main.js:1:594401)
	at T.updateTransientWatchers (/snap/code/18/usr/share/code/resources/app/extensions/git/dist/main.js:1:98291)
	at l.fire (/snap/code/18/usr/share/code/resources/app/out/vs/workbench/services/extensions/node/extensionHostProcess.js:50:539)
	at k.updateModelState (/snap/code/18/usr/share/code/resources/app/extensions/git/dist/main.js:1:115979)
> git show :utils/connection/connection.go
> git status -z -u
> git symbolic-ref --short HEAD
> git rev-parse master
> git rev-parse --symbolic-full-name master@{u}
> git rev-list --left-right master...refs/remotes/origin/master
> git for-each-ref --format %(refname) %(objectname) --sort -committerdate
> git remote --verbose
Failed to watch ref '/home/datainfosec/work/src/github.com/alactic/mygoproject/.git/refs/remotes/origin/master', is most likely packed.
Error: ENOENT: no such file or directory, watch '/home/datainfosec/work/src/github.com/alactic/mygoproject/.git/refs/remotes/origin/master'
	at FSWatcher.start (internal/fs/watchers.js:164:26)
	at Object.watch (fs.js:1232:11)
	at Object.t.watch (/snap/code/18/usr/share/code/resources/app/extensions/git/dist/main.js:1:594401)
	at T.updateTransientWatchers (/snap/code/18/usr/share/code/resources/app/extensions/git/dist/main.js:1:98291)
	at l.fire (/snap/code/18/usr/share/code/resources/app/out/vs/workbench/services/extensions/node/extensionHostProcess.js:50:539)
	at k.updateModelState (/snap/code/18/usr/share/code/resources/app/extensions/git/dist/main.js:1:115979)
> git show :main.go
> git status -z -u
> git symbolic-ref --short HEAD
> git rev-parse master
> git rev-parse --symbolic-full-name master@{u}
> git rev-list --left-right master...refs/remotes/origin/master
> git for-each-ref --format %(refname) %(objectname) --sort -committerdate
> git remote --verbose
Failed to watch ref '/home/datainfosec/work/src/github.com/alactic/mygoproject/.git/refs/remotes/origin/master', is most likely packed.
Error: ENOENT: no such file or directory, watch '/home/datainfosec/work/src/github.com/alactic/mygoproject/.git/refs/remotes/origin/master'
	at FSWatcher.start (internal/fs/watchers.js:164:26)
	at Object.watch (fs.js:1232:11)
	at Object.t.watch (/snap/code/18/usr/share/code/resources/app/extensions/git/dist/main.js:1:594401)
	at T.updateTransientWatchers (/snap/code/18/usr/share/code/resources/app/extensions/git/dist/main.js:1:98291)
	at l.fire (/snap/code/18/usr/share/code/resources/app/out/vs/workbench/services/extensions/node/extensionHostProcess.js:50:539)
	at k.updateModelState (/snap/code/18/usr/share/code/resources/app/extensions/git/dist/main.js:1:115979)
> git status -z -u
> git symbolic-ref --short HEAD
> git rev-parse master
> git rev-parse --symbolic-full-name master@{u}
> git rev-list --left-right master...refs/remotes/origin/master
> git for-each-ref --format %(refname) %(objectname) --sort -committerdate
> git remote --verbose
Failed to watch ref '/home/datainfosec/work/src/github.com/alactic/mygoproject/.git/refs/remotes/origin/master', is most likely packed.
Error: ENOENT: no such file or directory, watch '/home/datainfosec/work/src/github.com/alactic/mygoproject/.git/refs/remotes/origin/master'
	at FSWatcher.start (internal/fs/watchers.js:164:26)
	at Object.watch (fs.js:1232:11)
	at Object.t.watch (/snap/code/18/usr/share/code/resources/app/extensions/git/dist/main.js:1:594401)
	at T.updateTransientWatchers (/snap/code/18/usr/share/code/resources/app/extensions/git/dist/main.js:1:98291)
	at l.fire (/snap/code/18/usr/share/code/resources/app/out/vs/workbench/services/extensions/node/extensionHostProcess.js:50:539)
	at k.updateModelState (/snap/code/18/usr/share/code/resources/app/extensions/git/dist/main.js:1:115979)
> git status -z -u
> git symbolic-ref --short HEAD
> git rev-parse master
> git rev-parse --symbolic-full-name master@{u}
> git rev-list --left-right master...refs/remotes/origin/master
> git for-each-ref --format %(refname) %(objectname) --sort -committerdate
> git remote --verbose
Failed to watch ref '/home/datainfosec/work/src/github.com/alactic/mygoproject/.git/refs/remotes/origin/master', is most likely packed.
Error: ENOENT: no such file or directory, watch '/home/datainfosec/work/src/github.com/alactic/mygoproject/.git/refs/remotes/origin/master'
	at FSWatcher.start (internal/fs/watchers.js:164:26)
	at Object.watch (fs.js:1232:11)
	at Object.t.watch (/snap/code/18/usr/share/code/resources/app/extensions/git/dist/main.js:1:594401)
	at T.updateTransientWatchers (/snap/code/18/usr/share/code/resources/app/extensions/git/dist/main.js:1:98291)
	at l.fire (/snap/code/18/usr/share/code/resources/app/out/vs/workbench/services/extensions/node/extensionHostProcess.js:50:539)
	at k.updateModelState (/snap/code/18/usr/share/code/resources/app/extensions/git/dist/main.js:1:115979)
> git status -z -u
> git symbolic-ref --short HEAD
> git rev-parse master
> git rev-parse --symbolic-full-name master@{u}
> git rev-list --left-right master...refs/remotes/origin/master
> git for-each-ref --format %(refname) %(objectname) --sort -committerdate
> git remote --verbose
Failed to watch ref '/home/datainfosec/work/src/github.com/alactic/mygoproject/.git/refs/remotes/origin/master', is most likely packed.
Error: ENOENT: no such file or directory, watch '/home/datainfosec/work/src/github.com/alactic/mygoproject/.git/refs/remotes/origin/master'
	at FSWatcher.start (internal/fs/watchers.js:164:26)
	at Object.watch (fs.js:1232:11)
	at Object.t.watch (/snap/code/18/usr/share/code/resources/app/extensions/git/dist/main.js:1:594401)
	at T.updateTransientWatchers (/snap/code/18/usr/share/code/resources/app/extensions/git/dist/main.js:1:98291)
	at l.fire (/snap/code/18/usr/share/code/resources/app/out/vs/workbench/services/extensions/node/extensionHostProcess.js:50:539)
	at k.updateModelState (/snap/code/18/usr/share/code/resources/app/extensions/git/dist/main.js:1:115979)
> git show :utils/connection/connection.go
> git status -z -u
> git symbolic-ref --short HEAD
> git rev-parse master
> git rev-parse --symbolic-full-name master@{u}
> git rev-list --left-right master...refs/remotes/origin/master
> git for-each-ref --format %(refname) %(objectname) --sort -committerdate
> git remote --verbose
Failed to watch ref '/home/datainfosec/work/src/github.com/alactic/mygoproject/.git/refs/remotes/origin/master', is most likely packed.
Error: ENOENT: no such file or directory, watch '/home/datainfosec/work/src/github.com/alactic/mygoproject/.git/refs/remotes/origin/master'
	at FSWatcher.start (internal/fs/watchers.js:164:26)
	at Object.watch (fs.js:1232:11)
	at Object.t.watch (/snap/code/18/usr/share/code/resources/app/extensions/git/dist/main.js:1:594401)
	at T.updateTransientWatchers (/snap/code/18/usr/share/code/resources/app/extensions/git/dist/main.js:1:98291)
	at l.fire (/snap/code/18/usr/share/code/resources/app/out/vs/workbench/services/extensions/node/extensionHostProcess.js:50:539)
	at k.updateModelState (/snap/code/18/usr/share/code/resources/app/extensions/git/dist/main.js:1:115979)
> git status -z -u
> git symbolic-ref --short HEAD
> git rev-parse master
> git rev-parse --symbolic-full-name master@{u}
> git rev-list --left-right master...refs/remotes/origin/master
> git for-each-ref --format %(refname) %(objectname) --sort -committerdate
> git remote --verbose
Failed to watch ref '/home/datainfosec/work/src/github.com/alactic/mygoproject/.git/refs/remotes/origin/master', is most likely packed.
Error: ENOENT: no such file or directory, watch '/home/datainfosec/work/src/github.com/alactic/mygoproject/.git/refs/remotes/origin/master'
	at FSWatcher.start (internal/fs/watchers.js:164:26)
	at Object.watch (fs.js:1232:11)
	at Object.t.watch (/snap/code/18/usr/share/code/resources/app/extensions/git/dist/main.js:1:594401)
	at T.updateTransientWatchers (/snap/code/18/usr/share/code/resources/app/extensions/git/dist/main.js:1:98291)
	at l.fire (/snap/code/18/usr/share/code/resources/app/out/vs/workbench/services/extensions/node/extensionHostProcess.js:50:539)
	at k.updateModelState (/snap/code/18/usr/share/code/resources/app/extensions/git/dist/main.js:1:115979)
> git show :main.go
> git show :utils/router/router.go
> git show :utils/connection/connection.go
> git status -z -u
> git symbolic-ref --short HEAD
> git rev-parse master
> git rev-parse --symbolic-full-name master@{u}
> git rev-list --left-right master...refs/remotes/origin/master
> git for-each-ref --format %(refname) %(objectname) --sort -committerdate
> git remote --verbose
Failed to watch ref '/home/datainfosec/work/src/github.com/alactic/mygoproject/.git/refs/remotes/origin/master', is most likely packed.
Error: ENOENT: no such file or directory, watch '/home/datainfosec/work/src/github.com/alactic/mygoproject/.git/refs/remotes/origin/master'
	at FSWatcher.start (internal/fs/watchers.js:164:26)
	at Object.watch (fs.js:1232:11)
	at Object.t.watch (/snap/code/18/usr/share/code/resources/app/extensions/git/dist/main.js:1:594401)
	at T.updateTransientWatchers (/snap/code/18/usr/share/code/resources/app/extensions/git/dist/main.js:1:98291)
	at l.fire (/snap/code/18/usr/share/code/resources/app/out/vs/workbench/services/extensions/node/extensionHostProcess.js:50:539)
	at k.updateModelState (/snap/code/18/usr/share/code/resources/app/extensions/git/dist/main.js:1:115979)
> git status -z -u
> git symbolic-ref --short HEAD
> git rev-parse master
> git rev-parse --symbolic-full-name master@{u}
> git rev-list --left-right master...refs/remotes/origin/master
> git for-each-ref --format %(refname) %(objectname) --sort -committerdate
> git remote --verbose
Failed to watch ref '/home/datainfosec/work/src/github.com/alactic/mygoproject/.git/refs/remotes/origin/master', is most likely packed.
Error: ENOENT: no such file or directory, watch '/home/datainfosec/work/src/github.com/alactic/mygoproject/.git/refs/remotes/origin/master'
	at FSWatcher.start (internal/fs/watchers.js:164:26)
	at Object.watch (fs.js:1232:11)
	at Object.t.watch (/snap/code/18/usr/share/code/resources/app/extensions/git/dist/main.js:1:594401)
	at T.updateTransientWatchers (/snap/code/18/usr/share/code/resources/app/extensions/git/dist/main.js:1:98291)
	at l.fire (/snap/code/18/usr/share/code/resources/app/out/vs/workbench/services/extensions/node/extensionHostProcess.js:50:539)
	at k.updateModelState (/snap/code/18/usr/share/code/resources/app/extensions/git/dist/main.js:1:115979)
> git show :main.go
> git show :utils/connection/connection.go
> git show :main.go
> git status -z -u
> git symbolic-ref --short HEAD
> git rev-parse master
> git rev-parse --symbolic-full-name master@{u}
> git rev-list --left-right master...refs/remotes/origin/master
> git for-each-ref --format %(refname) %(objectname) --sort -committerdate
> git remote --verbose
Failed to watch ref '/home/datainfosec/work/src/github.com/alactic/mygoproject/.git/refs/remotes/origin/master', is most likely packed.
Error: ENOENT: no such file or directory, watch '/home/datainfosec/work/src/github.com/alactic/mygoproject/.git/refs/remotes/origin/master'
	at FSWatcher.start (internal/fs/watchers.js:164:26)
	at Object.watch (fs.js:1232:11)
	at Object.t.watch (/snap/code/18/usr/share/code/resources/app/extensions/git/dist/main.js:1:594401)
	at T.updateTransientWatchers (/snap/code/18/usr/share/code/resources/app/extensions/git/dist/main.js:1:98291)
	at l.fire (/snap/code/18/usr/share/code/resources/app/out/vs/workbench/services/extensions/node/extensionHostProcess.js:50:539)
	at k.updateModelState (/snap/code/18/usr/share/code/resources/app/extensions/git/dist/main.js:1:115979)
> git show :utils/router/router.go
> git show :utils/connection/connection.go
> git show :main.go
> git status -z -u
> git symbolic-ref --short HEAD
> git rev-parse master
> git rev-parse --symbolic-full-name master@{u}
> git rev-list --left-right master...refs/remotes/origin/master
> git for-each-ref --format %(refname) %(objectname) --sort -committerdate
> git remote --verbose
Failed to watch ref '/home/datainfosec/work/src/github.com/alactic/mygoproject/.git/refs/remotes/origin/master', is most likely packed.
Error: ENOENT: no such file or directory, watch '/home/datainfosec/work/src/github.com/alactic/mygoproject/.git/refs/remotes/origin/master'
	at FSWatcher.start (internal/fs/watchers.js:164:26)
	at Object.watch (fs.js:1232:11)
	at Object.t.watch (/snap/code/18/usr/share/code/resources/app/extensions/git/dist/main.js:1:594401)
	at T.updateTransientWatchers (/snap/code/18/usr/share/code/resources/app/extensions/git/dist/main.js:1:98291)
	at l.fire (/snap/code/18/usr/share/code/resources/app/out/vs/workbench/services/extensions/node/extensionHostProcess.js:50:539)
	at k.updateModelState (/snap/code/18/usr/share/code/resources/app/extensions/git/dist/main.js:1:115979)
> git status -z -u
> git symbolic-ref --short HEAD
> git rev-parse master
> git rev-parse --symbolic-full-name master@{u}
> git rev-list --left-right master...refs/remotes/origin/master
> git for-each-ref --format %(refname) %(objectname) --sort -committerdate
> git remote --verbose
Failed to watch ref '/home/datainfosec/work/src/github.com/alactic/mygoproject/.git/refs/remotes/origin/master', is most likely packed.
Error: ENOENT: no such file or directory, watch '/home/datainfosec/work/src/github.com/alactic/mygoproject/.git/refs/remotes/origin/master'
	at FSWatcher.start (internal/fs/watchers.js:164:26)
	at Object.watch (fs.js:1232:11)
	at Object.t.watch (/snap/code/18/usr/share/code/resources/app/extensions/git/dist/main.js:1:594401)
	at T.updateTransientWatchers (/snap/code/18/usr/share/code/resources/app/extensions/git/dist/main.js:1:98291)
	at l.fire (/snap/code/18/usr/share/code/resources/app/out/vs/workbench/services/extensions/node/extensionHostProcess.js:50:539)
	at k.updateModelState (/snap/code/18/usr/share/code/resources/app/extensions/git/dist/main.js:1:115979)
> git status -z -u
> git symbolic-ref --short HEAD
> git rev-parse master
> git rev-parse --symbolic-full-name master@{u}
> git rev-list --left-right master...refs/remotes/origin/master
> git for-each-ref --format %(refname) %(objectname) --sort -committerdate
> git remote --verbose
Failed to watch ref '/home/datainfosec/work/src/github.com/alactic/mygoproject/.git/refs/remotes/origin/master', is most likely packed.
Error: ENOENT: no such file or directory, watch '/home/datainfosec/work/src/github.com/alactic/mygoproject/.git/refs/remotes/origin/master'
	at FSWatcher.start (internal/fs/watchers.js:164:26)
	at Object.watch (fs.js:1232:11)
	at Object.t.watch (/snap/code/18/usr/share/code/resources/app/extensions/git/dist/main.js:1:594401)
	at T.updateTransientWatchers (/snap/code/18/usr/share/code/resources/app/extensions/git/dist/main.js:1:98291)
	at l.fire (/snap/code/18/usr/share/code/resources/app/out/vs/workbench/services/extensions/node/extensionHostProcess.js:50:539)
	at k.updateModelState (/snap/code/18/usr/share/code/resources/app/extensions/git/dist/main.js:1:115979)
> git show :utils/router/router.go
> git show :utils/connection/connection.go
> git status -z -u
> git symbolic-ref --short HEAD
> git rev-parse master
> git rev-parse --symbolic-full-name master@{u}
> git rev-list --left-right master...refs/remotes/origin/master
> git for-each-ref --format %(refname) %(objectname) --sort -committerdate
> git remote --verbose
Failed to watch ref '/home/datainfosec/work/src/github.com/alactic/mygoproject/.git/refs/remotes/origin/master', is most likely packed.
Error: ENOENT: no such file or directory, watch '/home/datainfosec/work/src/github.com/alactic/mygoproject/.git/refs/remotes/origin/master'
	at FSWatcher.start (internal/fs/watchers.js:164:26)
	at Object.watch (fs.js:1232:11)
	at Object.t.watch (/snap/code/18/usr/share/code/resources/app/extensions/git/dist/main.js:1:594401)
	at T.updateTransientWatchers (/snap/code/18/usr/share/code/resources/app/extensions/git/dist/main.js:1:98291)
	at l.fire (/snap/code/18/usr/share/code/resources/app/out/vs/workbench/services/extensions/node/extensionHostProcess.js:50:539)
	at k.updateModelState (/snap/code/18/usr/share/code/resources/app/extensions/git/dist/main.js:1:115979)
> git status -z -u
> git symbolic-ref --short HEAD
> git rev-parse master
> git rev-parse --symbolic-full-name master@{u}
> git rev-list --left-right master...refs/remotes/origin/master
> git for-each-ref --format %(refname) %(objectname) --sort -committerdate
> git remote --verbose
Failed to watch ref '/home/datainfosec/work/src/github.com/alactic/mygoproject/.git/refs/remotes/origin/master', is most likely packed.
Error: ENOENT: no such file or directory, watch '/home/datainfosec/work/src/github.com/alactic/mygoproject/.git/refs/remotes/origin/master'
	at FSWatcher.start (internal/fs/watchers.js:164:26)
	at Object.watch (fs.js:1232:11)
	at Object.t.watch (/snap/code/18/usr/share/code/resources/app/extensions/git/dist/main.js:1:594401)
	at T.updateTransientWatchers (/snap/code/18/usr/share/code/resources/app/extensions/git/dist/main.js:1:98291)
	at l.fire (/snap/code/18/usr/share/code/resources/app/out/vs/workbench/services/extensions/node/extensionHostProcess.js:50:539)
	at k.updateModelState (/snap/code/18/usr/share/code/resources/app/extensions/git/dist/main.js:1:115979)
> git check-ignore -v -z --stdin
> git show :main.go
> git show :utils/router/router.go
> git show :utils/connection/connection.go
> git status -z -u
> git symbolic-ref --short HEAD
> git rev-parse master
> git rev-parse --symbolic-full-name master@{u}
> git rev-list --left-right master...refs/remotes/origin/master
> git for-each-ref --format %(refname) %(objectname) --sort -committerdate
> git remote --verbose
Failed to watch ref '/home/datainfosec/work/src/github.com/alactic/mygoproject/.git/refs/remotes/origin/master', is most likely packed.
Error: ENOENT: no such file or directory, watch '/home/datainfosec/work/src/github.com/alactic/mygoproject/.git/refs/remotes/origin/master'
	at FSWatcher.start (internal/fs/watchers.js:164:26)
	at Object.watch (fs.js:1232:11)
	at Object.t.watch (/snap/code/18/usr/share/code/resources/app/extensions/git/dist/main.js:1:594401)
	at T.updateTransientWatchers (/snap/code/18/usr/share/code/resources/app/extensions/git/dist/main.js:1:98291)
	at l.fire (/snap/code/18/usr/share/code/resources/app/out/vs/workbench/services/extensions/node/extensionHostProcess.js:50:539)
	at k.updateModelState (/snap/code/18/usr/share/code/resources/app/extensions/git/dist/main.js:1:115979)
> git status -z -u
> git symbolic-ref --short HEAD
> git rev-parse master
> git rev-parse --symbolic-full-name master@{u}
> git rev-list --left-right master...refs/remotes/origin/master
> git for-each-ref --format %(refname) %(objectname) --sort -committerdate
> git remote --verbose
Failed to watch ref '/home/datainfosec/work/src/github.com/alactic/mygoproject/.git/refs/remotes/origin/master', is most likely packed.
Error: ENOENT: no such file or directory, watch '/home/datainfosec/work/src/github.com/alactic/mygoproject/.git/refs/remotes/origin/master'
	at FSWatcher.start (internal/fs/watchers.js:164:26)
	at Object.watch (fs.js:1232:11)
	at Object.t.watch (/snap/code/18/usr/share/code/resources/app/extensions/git/dist/main.js:1:594401)
	at T.updateTransientWatchers (/snap/code/18/usr/share/code/resources/app/extensions/git/dist/main.js:1:98291)
	at l.fire (/snap/code/18/usr/share/code/resources/app/out/vs/workbench/services/extensions/node/extensionHostProcess.js:50:539)
	at k.updateModelState (/snap/code/18/usr/share/code/resources/app/extensions/git/dist/main.js:1:115979)
> git show :main.go
> git status -z -u
> git symbolic-ref --short HEAD
> git rev-parse master
> git rev-parse --symbolic-full-name master@{u}
> git rev-list --left-right master...refs/remotes/origin/master
> git for-each-ref --format %(refname) %(objectname) --sort -committerdate
> git remote --verbose
Failed to watch ref '/home/datainfosec/work/src/github.com/alactic/mygoproject/.git/refs/remotes/origin/master', is most likely packed.
Error: ENOENT: no such file or directory, watch '/home/datainfosec/work/src/github.com/alactic/mygoproject/.git/refs/remotes/origin/master'
	at FSWatcher.start (internal/fs/watchers.js:164:26)
	at Object.watch (fs.js:1232:11)
	at Object.t.watch (/snap/code/18/usr/share/code/resources/app/extensions/git/dist/main.js:1:594401)
	at T.updateTransientWatchers (/snap/code/18/usr/share/code/resources/app/extensions/git/dist/main.js:1:98291)
	at l.fire (/snap/code/18/usr/share/code/resources/app/out/vs/workbench/services/extensions/node/extensionHostProcess.js:50:539)
	at k.updateModelState (/snap/code/18/usr/share/code/resources/app/extensions/git/dist/main.js:1:115979)
> git show :utils/router/router.go
> git show :utils/connection/connection.go
> git status -z -u
> git symbolic-ref --short HEAD
> git rev-parse master
> git rev-parse --symbolic-full-name master@{u}
> git rev-list --left-right master...refs/remotes/origin/master
> git for-each-ref --format %(refname) %(objectname) --sort -committerdate
> git remote --verbose
Failed to watch ref '/home/datainfosec/work/src/github.com/alactic/mygoproject/.git/refs/remotes/origin/master', is most likely packed.
Error: ENOENT: no such file or directory, watch '/home/datainfosec/work/src/github.com/alactic/mygoproject/.git/refs/remotes/origin/master'
	at FSWatcher.start (internal/fs/watchers.js:164:26)
	at Object.watch (fs.js:1232:11)
	at Object.t.watch (/snap/code/18/usr/share/code/resources/app/extensions/git/dist/main.js:1:594401)
	at T.updateTransientWatchers (/snap/code/18/usr/share/code/resources/app/extensions/git/dist/main.js:1:98291)
	at l.fire (/snap/code/18/usr/share/code/resources/app/out/vs/workbench/services/extensions/node/extensionHostProcess.js:50:539)
	at k.updateModelState (/snap/code/18/usr/share/code/resources/app/extensions/git/dist/main.js:1:115979)
> git status -z -u
> git symbolic-ref --short HEAD
> git rev-parse master
> git rev-parse --symbolic-full-name master@{u}
> git rev-list --left-right master...refs/remotes/origin/master
> git for-each-ref --format %(refname) %(objectname) --sort -committerdate
> git remote --verbose
Failed to watch ref '/home/datainfosec/work/src/github.com/alactic/mygoproject/.git/refs/remotes/origin/master', is most likely packed.
Error: ENOENT: no such file or directory, watch '/home/datainfosec/work/src/github.com/alactic/mygoproject/.git/refs/remotes/origin/master'
	at FSWatcher.start (internal/fs/watchers.js:164:26)
	at Object.watch (fs.js:1232:11)
	at Object.t.watch (/snap/code/18/usr/share/code/resources/app/extensions/git/dist/main.js:1:594401)
	at T.updateTransientWatchers (/snap/code/18/usr/share/code/resources/app/extensions/git/dist/main.js:1:98291)
	at l.fire (/snap/code/18/usr/share/code/resources/app/out/vs/workbench/services/extensions/node/extensionHostProcess.js:50:539)
	at k.updateModelState (/snap/code/18/usr/share/code/resources/app/extensions/git/dist/main.js:1:115979)
> git show :main.go
> git status -z -u
> git symbolic-ref --short HEAD
> git rev-parse master
> git rev-parse --symbolic-full-name master@{u}
> git rev-list --left-right master...refs/remotes/origin/master
> git for-each-ref --format %(refname) %(objectname) --sort -committerdate
> git remote --verbose
Failed to watch ref '/home/datainfosec/work/src/github.com/alactic/mygoproject/.git/refs/remotes/origin/master', is most likely packed.
Error: ENOENT: no such file or directory, watch '/home/datainfosec/work/src/github.com/alactic/mygoproject/.git/refs/remotes/origin/master'
	at FSWatcher.start (internal/fs/watchers.js:164:26)
	at Object.watch (fs.js:1232:11)
	at Object.t.watch (/snap/code/18/usr/share/code/resources/app/extensions/git/dist/main.js:1:594401)
	at T.updateTransientWatchers (/snap/code/18/usr/share/code/resources/app/extensions/git/dist/main.js:1:98291)
	at l.fire (/snap/code/18/usr/share/code/resources/app/out/vs/workbench/services/extensions/node/extensionHostProcess.js:50:539)
	at k.updateModelState (/snap/code/18/usr/share/code/resources/app/extensions/git/dist/main.js:1:115979)
> git status -z -u
> git symbolic-ref --short HEAD
> git rev-parse master
> git rev-parse --symbolic-full-name master@{u}
> git rev-list --left-right master...refs/remotes/origin/master
> git for-each-ref --format %(refname) %(objectname) --sort -committerdate
> git remote --verbose
Failed to watch ref '/home/datainfosec/work/src/github.com/alactic/mygoproject/.git/refs/remotes/origin/master', is most likely packed.
Error: ENOENT: no such file or directory, watch '/home/datainfosec/work/src/github.com/alactic/mygoproject/.git/refs/remotes/origin/master'
	at FSWatcher.start (internal/fs/watchers.js:164:26)
	at Object.watch (fs.js:1232:11)
	at Object.t.watch (/snap/code/18/usr/share/code/resources/app/extensions/git/dist/main.js:1:594401)
	at T.updateTransientWatchers (/snap/code/18/usr/share/code/resources/app/extensions/git/dist/main.js:1:98291)
	at l.fire (/snap/code/18/usr/share/code/resources/app/out/vs/workbench/services/extensions/node/extensionHostProcess.js:50:539)
	at k.updateModelState (/snap/code/18/usr/share/code/resources/app/extensions/git/dist/main.js:1:115979)
> git show :utils/router/router.go
> git show :utils/connection/connection.go
> git show :main.go
> git status -z -u
> git symbolic-ref --short HEAD
> git rev-parse master
> git rev-parse --symbolic-full-name master@{u}
> git rev-list --left-right master...refs/remotes/origin/master
> git for-each-ref --format %(refname) %(objectname) --sort -committerdate
> git remote --verbose
Failed to watch ref '/home/datainfosec/work/src/github.com/alactic/mygoproject/.git/refs/remotes/origin/master', is most likely packed.
Error: ENOENT: no such file or directory, watch '/home/datainfosec/work/src/github.com/alactic/mygoproject/.git/refs/remotes/origin/master'
	at FSWatcher.start (internal/fs/watchers.js:164:26)
	at Object.watch (fs.js:1232:11)
	at Object.t.watch (/snap/code/18/usr/share/code/resources/app/extensions/git/dist/main.js:1:594401)
	at T.updateTransientWatchers (/snap/code/18/usr/share/code/resources/app/extensions/git/dist/main.js:1:98291)
	at l.fire (/snap/code/18/usr/share/code/resources/app/out/vs/workbench/services/extensions/node/extensionHostProcess.js:50:539)
	at k.updateModelState (/snap/code/18/usr/share/code/resources/app/extensions/git/dist/main.js:1:115979)
> git status -z -u
> git symbolic-ref --short HEAD
> git rev-parse master
> git rev-parse --symbolic-full-name master@{u}
> git rev-list --left-right master...refs/remotes/origin/master
> git for-each-ref --format %(refname) %(objectname) --sort -committerdate
> git remote --verbose
Failed to watch ref '/home/datainfosec/work/src/github.com/alactic/mygoproject/.git/refs/remotes/origin/master', is most likely packed.
Error: ENOENT: no such file or directory, watch '/home/datainfosec/work/src/github.com/alactic/mygoproject/.git/refs/remotes/origin/master'
	at FSWatcher.start (internal/fs/watchers.js:164:26)
	at Object.watch (fs.js:1232:11)
	at Object.t.watch (/snap/code/18/usr/share/code/resources/app/extensions/git/dist/main.js:1:594401)
	at T.updateTransientWatchers (/snap/code/18/usr/share/code/resources/app/extensions/git/dist/main.js:1:98291)
	at l.fire (/snap/code/18/usr/share/code/resources/app/out/vs/workbench/services/extensions/node/extensionHostProcess.js:50:539)
	at k.updateModelState (/snap/code/18/usr/share/code/resources/app/extensions/git/dist/main.js:1:115979)
> git show :utils/router/router.go
> git show :main.go
> git show :utils/connection/connection.go
> git status -z -u
> git symbolic-ref --short HEAD
> git rev-parse master
> git rev-parse --symbolic-full-name master@{u}
> git rev-list --left-right master...refs/remotes/origin/master
> git for-each-ref --format %(refname) %(objectname) --sort -committerdate
> git remote --verbose
Failed to watch ref '/home/datainfosec/work/src/github.com/alactic/mygoproject/.git/refs/remotes/origin/master', is most likely packed.
Error: ENOENT: no such file or directory, watch '/home/datainfosec/work/src/github.com/alactic/mygoproject/.git/refs/remotes/origin/master'
	at FSWatcher.start (internal/fs/watchers.js:164:26)
	at Object.watch (fs.js:1232:11)
	at Object.t.watch (/snap/code/18/usr/share/code/resources/app/extensions/git/dist/main.js:1:594401)
	at T.updateTransientWatchers (/snap/code/18/usr/share/code/resources/app/extensions/git/dist/main.js:1:98291)
	at l.fire (/snap/code/18/usr/share/code/resources/app/out/vs/workbench/services/extensions/node/extensionHostProcess.js:50:539)
	at k.updateModelState (/snap/code/18/usr/share/code/resources/app/extensions/git/dist/main.js:1:115979)
> git status -z -u
> git symbolic-ref --short HEAD
> git rev-parse master
> git rev-parse --symbolic-full-name master@{u}
> git rev-list --left-right master...refs/remotes/origin/master
> git for-each-ref --format %(refname) %(objectname) --sort -committerdate
> git remote --verbose
Failed to watch ref '/home/datainfosec/work/src/github.com/alactic/mygoproject/.git/refs/remotes/origin/master', is most likely packed.
Error: ENOENT: no such file or directory, watch '/home/datainfosec/work/src/github.com/alactic/mygoproject/.git/refs/remotes/origin/master'
	at FSWatcher.start (internal/fs/watchers.js:164:26)
	at Object.watch (fs.js:1232:11)
	at Object.t.watch (/snap/code/18/usr/share/code/resources/app/extensions/git/dist/main.js:1:594401)
	at T.updateTransientWatchers (/snap/code/18/usr/share/code/resources/app/extensions/git/dist/main.js:1:98291)
	at l.fire (/snap/code/18/usr/share/code/resources/app/out/vs/workbench/services/extensions/node/extensionHostProcess.js:50:539)
	at k.updateModelState (/snap/code/18/usr/share/code/resources/app/extensions/git/dist/main.js:1:115979)
> git status -z -u
> git symbolic-ref --short HEAD
> git rev-parse master
> git rev-parse --symbolic-full-name master@{u}
> git rev-list --left-right master...refs/remotes/origin/master
> git for-each-ref --format %(refname) %(objectname) --sort -committerdate
> git remote --verbose
Failed to watch ref '/home/datainfosec/work/src/github.com/alactic/mygoproject/.git/refs/remotes/origin/master', is most likely packed.
Error: ENOENT: no such file or directory, watch '/home/datainfosec/work/src/github.com/alactic/mygoproject/.git/refs/remotes/origin/master'
	at FSWatcher.start (internal/fs/watchers.js:164:26)
	at Object.watch (fs.js:1232:11)
	at Object.t.watch (/snap/code/18/usr/share/code/resources/app/extensions/git/dist/main.js:1:594401)
	at T.updateTransientWatchers (/snap/code/18/usr/share/code/resources/app/extensions/git/dist/main.js:1:98291)
	at l.fire (/snap/code/18/usr/share/code/resources/app/out/vs/workbench/services/extensions/node/extensionHostProcess.js:50:539)
	at k.updateModelState (/snap/code/18/usr/share/code/resources/app/extensions/git/dist/main.js:1:115979)
> git status -z -u
> git symbolic-ref --short HEAD
> git rev-parse master
> git rev-parse --symbolic-full-name master@{u}
> git rev-list --left-right master...refs/remotes/origin/master
> git for-each-ref --format %(refname) %(objectname) --sort -committerdate
> git remote --verbose
Failed to watch ref '/home/datainfosec/work/src/github.com/alactic/mygoproject/.git/refs/remotes/origin/master', is most likely packed.
Error: ENOENT: no such file or directory, watch '/home/datainfosec/work/src/github.com/alactic/mygoproject/.git/refs/remotes/origin/master'
	at FSWatcher.start (internal/fs/watchers.js:164:26)
	at Object.watch (fs.js:1232:11)
	at Object.t.watch (/snap/code/18/usr/share/code/resources/app/extensions/git/dist/main.js:1:594401)
	at T.updateTransientWatchers (/snap/code/18/usr/share/code/resources/app/extensions/git/dist/main.js:1:98291)
	at l.fire (/snap/code/18/usr/share/code/resources/app/out/vs/workbench/services/extensions/node/extensionHostProcess.js:50:539)
	at k.updateModelState (/snap/code/18/usr/share/code/resources/app/extensions/git/dist/main.js:1:115979)
