Starting linting the current package at /home/datainfosec/work/src/github.com/alactic/mygoproject
Starting "go vet" under the folder /home/datainfosec/work/src/github.com/alactic/mygoproject
Starting building the current package at /home/datainfosec/work/src/github.com/alactic/mygoproject
Not able to determine import path of current package by using cwd: /home/datainfosec/work/src/github.com/alactic/mygoproject and Go workspace: 
/home/datainfosec/work/src/github.com/alactic/mygoproject>Finished running tool: /home/datainfosec/go/bin/golint

/home/datainfosec/work/src/github.com/alactic/mygoproject>Finished running tool: /usr/bin/go vet .

/home/datainfosec/work/src/github.com/alactic/mygoproject>Finished running tool: /usr/bin/go build -i -o /tmp/vscode-goM26lvG/go-code-check .

Starting linting the current package at /home/datainfosec/work/src/github.com/alactic/mygoproject
Starting "go vet" under the folder /home/datainfosec/work/src/github.com/alactic/mygoproject
Starting building the current package at /home/datainfosec/work/src/github.com/alactic/mygoproject
Not able to determine import path of current package by using cwd: /home/datainfosec/work/src/github.com/alactic/mygoproject and Go workspace: 
/home/datainfosec/work/src/github.com/alactic/mygoproject>Finished running tool: /home/datainfosec/go/bin/golint

/home/datainfosec/work/src/github.com/alactic/mygoproject>Finished running tool: /usr/bin/go build -i -o /tmp/vscode-goM26lvG/go-code-check .
/home/datainfosec/work/src/github.com/alactic/mygoproject/main.go:4: imported and not used: "fmt"
/home/datainfosec/work/src/github.com/alactic/mygoproject/main.go:5: imported and not used: "os"

/home/datainfosec/work/src/github.com/alactic/mygoproject>Finished running tool: /usr/bin/go vet .
/home/datainfosec/work/src/github.com/alactic/mygoproject/main.go:4: imported and not used: "fmt"
/home/datainfosec/work/src/github.com/alactic/mygoproject/main.go:5: imported and not used: "os"

Starting linting the current package at /home/datainfosec/work/src/github.com/alactic/mygoproject
Starting "go vet" under the folder /home/datainfosec/work/src/github.com/alactic/mygoproject
Starting building the current package at /home/datainfosec/work/src/github.com/alactic/mygoproject
Not able to determine import path of current package by using cwd: /home/datainfosec/work/src/github.com/alactic/mygoproject and Go workspace: 
/home/datainfosec/work/src/github.com/alactic/mygoproject>Finished running tool: /home/datainfosec/go/bin/golint

/home/datainfosec/work/src/github.com/alactic/mygoproject>Finished running tool: /usr/bin/go vet .
/home/datainfosec/work/src/github.com/alactic/mygoproject/main.go:4: imported and not used: "fmt"
/home/datainfosec/work/src/github.com/alactic/mygoproject/main.go:5: imported and not used: "os"

/home/datainfosec/work/src/github.com/alactic/mygoproject>Finished running tool: /usr/bin/go build -i -o /tmp/vscode-goM26lvG/go-code-check .
/home/datainfosec/work/src/github.com/alactic/mygoproject/main.go:4: imported and not used: "fmt"
/home/datainfosec/work/src/github.com/alactic/mygoproject/main.go:5: imported and not used: "os"

Starting linting the current package at /home/datainfosec/work/src/github.com/alactic/mygoproject/utils/router
Starting "go vet" under the folder /home/datainfosec/work/src/github.com/alactic/mygoproject/utils/router
Starting building the current package at /home/datainfosec/work/src/github.com/alactic/mygoproject/utils/router
Not able to determine import path of current package by using cwd: /home/datainfosec/work/src/github.com/alactic/mygoproject/utils/router and Go workspace: 
/home/datainfosec/work/src/github.com/alactic/mygoproject/utils/router>Finished running tool: /home/datainfosec/go/bin/golint
/home/datainfosec/work/src/github.com/alactic/mygoproject/utils/router/router.go:12: exported function Router should have comment or be unexported

/home/datainfosec/work/src/github.com/alactic/mygoproject/utils/router>Finished running tool: /usr/bin/go vet .

/home/datainfosec/work/src/github.com/alactic/mygoproject/utils/router>Finished running tool: /usr/bin/go build -i -o /tmp/vscode-goM26lvG/go-code-check .

Starting linting the current package at /home/datainfosec/work/src/github.com/alactic/mygoproject/utils/router
Starting "go vet" under the folder /home/datainfosec/work/src/github.com/alactic/mygoproject/utils/router
Starting building the current package at /home/datainfosec/work/src/github.com/alactic/mygoproject/utils/router
Not able to determine import path of current package by using cwd: /home/datainfosec/work/src/github.com/alactic/mygoproject/utils/router and Go workspace: 
/home/datainfosec/work/src/github.com/alactic/mygoproject/utils/router>Finished running tool: /home/datainfosec/go/bin/golint
/home/datainfosec/work/src/github.com/alactic/mygoproject/utils/router/router.go:12: exported function Router should have comment or be unexported

/home/datainfosec/work/src/github.com/alactic/mygoproject/utils/router>Finished running tool: /usr/bin/go build -i -o /tmp/vscode-goM26lvG/go-code-check .

/home/datainfosec/work/src/github.com/alactic/mygoproject/utils/router>Finished running tool: /usr/bin/go vet .

Starting linting the current package at /home/datainfosec/work/src/github.com/alactic/mygoproject/utils/connection
Starting "go vet" under the folder /home/datainfosec/work/src/github.com/alactic/mygoproject/utils/connection
Starting building the current package at /home/datainfosec/work/src/github.com/alactic/mygoproject/utils/connection
Not able to determine import path of current package by using cwd: /home/datainfosec/work/src/github.com/alactic/mygoproject/utils/connection and Go workspace: 
/home/datainfosec/work/src/github.com/alactic/mygoproject/utils/connection>Finished running tool: /home/datainfosec/go/bin/golint
/home/datainfosec/work/src/github.com/alactic/mygoproject/utils/connection/connection.go:10: exported function Connection should have comment or be unexported

/home/datainfosec/work/src/github.com/alactic/mygoproject/utils/connection>Finished running tool: /usr/bin/go build -i -o /tmp/vscode-goM26lvG/go-code-check .

/home/datainfosec/work/src/github.com/alactic/mygoproject/utils/connection>Finished running tool: /usr/bin/go vet .

Installing 9 tools at /home/datainfosec/go/bin
  gotests
  gomodifytags
  impl
  fillstruct
  goplay
  godoctor
  dlv
  gocode-gomod
  godef

Installing github.com/cweill/gotests/... SUCCEEDED
Installing github.com/fatih/gomodifytags SUCCEEDED
Starting linting the current package at /home/datainfosec/work/src/github.com/alactic/mygoproject/utils/connection
Starting "go vet" under the folder /home/datainfosec/work/src/github.com/alactic/mygoproject/utils/connection
Starting building the current package at /home/datainfosec/work/src/github.com/alactic/mygoproject/utils/connection
Not able to determine import path of current package by using cwd: /home/datainfosec/work/src/github.com/alactic/mygoproject/utils/connection and Go workspace: 
/home/datainfosec/work/src/github.com/alactic/mygoproject/utils/connection>Finished running tool: /home/datainfosec/go/bin/golint
/home/datainfosec/work/src/github.com/alactic/mygoproject/utils/connection/connection.go:10: exported function Connection should have comment or be unexported

/home/datainfosec/work/src/github.com/alactic/mygoproject/utils/connection>Finished running tool: /usr/bin/go build -i -o /tmp/vscode-goM26lvG/go-code-check .

/home/datainfosec/work/src/github.com/alactic/mygoproject/utils/connection>Finished running tool: /usr/bin/go vet .

Installing github.com/josharian/impl SUCCEEDED
Installing github.com/davidrjenni/reftools/cmd/fillstruct SUCCEEDED
Installing github.com/haya14busa/goplay/cmd/goplay SUCCEEDED
Installing github.com/godoctor/godoctor SUCCEEDED
Installing github.com/go-delve/delve/cmd/dlv SUCCEEDED
Installing github.com/stamblerre/gocode SUCCEEDED
Installing github.com/rogpeppe/godef SUCCEEDED

All tools successfully installed. You're ready to Go :).
Starting linting the current package at /home/datainfosec/work/src/github.com/alactic/mygoproject/utils/connection
Starting "go vet" under the folder /home/datainfosec/work/src/github.com/alactic/mygoproject/utils/connection
Starting building the current package at /home/datainfosec/work/src/github.com/alactic/mygoproject/utils/connection
Not able to determine import path of current package by using cwd: /home/datainfosec/work/src/github.com/alactic/mygoproject/utils/connection and Go workspace: 
/home/datainfosec/work/src/github.com/alactic/mygoproject/utils/connection>Finished running tool: /home/datainfosec/go/bin/golint
/home/datainfosec/work/src/github.com/alactic/mygoproject/utils/connection/connection.go:10: exported function Connection should have comment or be unexported

/home/datainfosec/work/src/github.com/alactic/mygoproject/utils/connection>Finished running tool: /usr/bin/go build -i -o /tmp/vscode-goM26lvG/go-code-check .

/home/datainfosec/work/src/github.com/alactic/mygoproject/utils/connection>Finished running tool: /usr/bin/go vet .

Starting linting the current package at /home/datainfosec/work/src/github.com/alactic/mygoproject/utils/connection
Starting "go vet" under the folder /home/datainfosec/work/src/github.com/alactic/mygoproject/utils/connection
Starting building the current package at /home/datainfosec/work/src/github.com/alactic/mygoproject/utils/connection
Not able to determine import path of current package by using cwd: /home/datainfosec/work/src/github.com/alactic/mygoproject/utils/connection and Go workspace: 
/home/datainfosec/work/src/github.com/alactic/mygoproject/utils/connection>Finished running tool: /home/datainfosec/go/bin/golint
/home/datainfosec/work/src/github.com/alactic/mygoproject/utils/connection/connection.go:10: exported function Connection should have comment or be unexported

/home/datainfosec/work/src/github.com/alactic/mygoproject/utils/connection>Finished running tool: /usr/bin/go build -i -o /tmp/vscode-goM26lvG/go-code-check .

/home/datainfosec/work/src/github.com/alactic/mygoproject/utils/connection>Finished running tool: /usr/bin/go vet .

Starting linting the current package at /home/datainfosec/work/src/github.com/alactic/mygoproject
Starting "go vet" under the folder /home/datainfosec/work/src/github.com/alactic/mygoproject
Starting building the current package at /home/datainfosec/work/src/github.com/alactic/mygoproject
Not able to determine import path of current package by using cwd: /home/datainfosec/work/src/github.com/alactic/mygoproject and Go workspace: 
/home/datainfosec/work/src/github.com/alactic/mygoproject>Finished running tool: /home/datainfosec/go/bin/golint

/home/datainfosec/work/src/github.com/alactic/mygoproject>Finished running tool: /usr/bin/go vet .

Starting linting the current package at /home/datainfosec/work/src/github.com/alactic/mygoproject
Starting "go vet" under the folder /home/datainfosec/work/src/github.com/alactic/mygoproject
Starting building the current package at /home/datainfosec/work/src/github.com/alactic/mygoproject
Not able to determine import path of current package by using cwd: /home/datainfosec/work/src/github.com/alactic/mygoproject and Go workspace: 
/home/datainfosec/work/src/github.com/alactic/mygoproject>Finished running tool: /home/datainfosec/go/bin/golint

/home/datainfosec/work/src/github.com/alactic/mygoproject>Finished running tool: /usr/bin/go build -i -o /tmp/vscode-goM26lvG/go-code-check .

/home/datainfosec/work/src/github.com/alactic/mygoproject>Finished running tool: /usr/bin/go build -i -o /tmp/vscode-goM26lvG/go-code-check .

/home/datainfosec/work/src/github.com/alactic/mygoproject>Finished running tool: /usr/bin/go vet .

Starting linting the current package at /home/datainfosec/work/src/github.com/alactic/mygoproject/utils/connection
Starting "go vet" under the folder /home/datainfosec/work/src/github.com/alactic/mygoproject/utils/connection
Starting building the current package at /home/datainfosec/work/src/github.com/alactic/mygoproject/utils/connection
Not able to determine import path of current package by using cwd: /home/datainfosec/work/src/github.com/alactic/mygoproject/utils/connection and Go workspace: 
/home/datainfosec/work/src/github.com/alactic/mygoproject/utils/connection>Finished running tool: /home/datainfosec/go/bin/golint
/home/datainfosec/work/src/github.com/alactic/mygoproject/utils/connection/connection.go:10: exported function Connection should have comment or be unexported

/home/datainfosec/work/src/github.com/alactic/mygoproject/utils/connection>Finished running tool: /usr/bin/go build -i -o /tmp/vscode-goM26lvG/go-code-check .

/home/datainfosec/work/src/github.com/alactic/mygoproject/utils/connection>Finished running tool: /usr/bin/go vet .

Starting linting the current package at /home/datainfosec/work/src/github.com/alactic/mygoproject
Starting "go vet" under the folder /home/datainfosec/work/src/github.com/alactic/mygoproject
Starting building the current package at /home/datainfosec/work/src/github.com/alactic/mygoproject
Not able to determine import path of current package by using cwd: /home/datainfosec/work/src/github.com/alactic/mygoproject and Go workspace: 
/home/datainfosec/work/src/github.com/alactic/mygoproject>Finished running tool: /home/datainfosec/go/bin/golint

/home/datainfosec/work/src/github.com/alactic/mygoproject>Finished running tool: /usr/bin/go vet .
/home/datainfosec/work/src/github.com/alactic/mygoproject/main.go:12: undefined: os
/home/datainfosec/work/src/github.com/alactic/mygoproject/main.go:13: undefined: os
/home/datainfosec/work/src/github.com/alactic/mygoproject/main.go:14: undefined: os
/home/datainfosec/work/src/github.com/alactic/mygoproject/main.go:15: undefined: os

/home/datainfosec/work/src/github.com/alactic/mygoproject>Finished running tool: /usr/bin/go build -i -o /tmp/vscode-goM26lvG/go-code-check .
/home/datainfosec/work/src/github.com/alactic/mygoproject/main.go:12: undefined: os
/home/datainfosec/work/src/github.com/alactic/mygoproject/main.go:13: undefined: os
/home/datainfosec/work/src/github.com/alactic/mygoproject/main.go:14: undefined: os
/home/datainfosec/work/src/github.com/alactic/mygoproject/main.go:15: undefined: os

Starting linting the current package at /home/datainfosec/work/src/github.com/alactic/mygoproject
Starting "go vet" under the folder /home/datainfosec/work/src/github.com/alactic/mygoproject
Starting building the current package at /home/datainfosec/work/src/github.com/alactic/mygoproject
Not able to determine import path of current package by using cwd: /home/datainfosec/work/src/github.com/alactic/mygoproject and Go workspace: 
/home/datainfosec/work/src/github.com/alactic/mygoproject>Finished running tool: /home/datainfosec/go/bin/golint

/home/datainfosec/work/src/github.com/alactic/mygoproject>Finished running tool: /usr/bin/go build -i -o /tmp/vscode-goM26lvG/go-code-check .
/home/datainfosec/work/src/github.com/alactic/mygoproject/main.go:12: undefined: os
/home/datainfosec/work/src/github.com/alactic/mygoproject/main.go:13: undefined: os
/home/datainfosec/work/src/github.com/alactic/mygoproject/main.go:14: undefined: os
/home/datainfosec/work/src/github.com/alactic/mygoproject/main.go:15: undefined: os

/home/datainfosec/work/src/github.com/alactic/mygoproject>Finished running tool: /usr/bin/go vet .
/home/datainfosec/work/src/github.com/alactic/mygoproject/main.go:12: undefined: os
/home/datainfosec/work/src/github.com/alactic/mygoproject/main.go:13: undefined: os
/home/datainfosec/work/src/github.com/alactic/mygoproject/main.go:14: undefined: os
/home/datainfosec/work/src/github.com/alactic/mygoproject/main.go:15: undefined: os

Starting linting the current package at /home/datainfosec/work/src/github.com/alactic/mygoproject
Starting "go vet" under the folder /home/datainfosec/work/src/github.com/alactic/mygoproject
Starting building the current package at /home/datainfosec/work/src/github.com/alactic/mygoproject
Not able to determine import path of current package by using cwd: /home/datainfosec/work/src/github.com/alactic/mygoproject and Go workspace: 
/home/datainfosec/work/src/github.com/alactic/mygoproject>Finished running tool: /home/datainfosec/go/bin/golint

/home/datainfosec/work/src/github.com/alactic/mygoproject>Finished running tool: /usr/bin/go vet .

/home/datainfosec/work/src/github.com/alactic/mygoproject>Finished running tool: /usr/bin/go build -i -o /tmp/vscode-goM26lvG/go-code-check .

Starting linting the current package at /home/datainfosec/work/src/github.com/alactic/mygoproject
Starting "go vet" under the folder /home/datainfosec/work/src/github.com/alactic/mygoproject
Starting building the current package at /home/datainfosec/work/src/github.com/alactic/mygoproject
Not able to determine import path of current package by using cwd: /home/datainfosec/work/src/github.com/alactic/mygoproject and Go workspace: 
/home/datainfosec/work/src/github.com/alactic/mygoproject>Finished running tool: /home/datainfosec/go/bin/golint

/home/datainfosec/work/src/github.com/alactic/mygoproject>Finished running tool: /usr/bin/go vet .

/home/datainfosec/work/src/github.com/alactic/mygoproject>Finished running tool: /usr/bin/go build -i -o /tmp/vscode-goM26lvG/go-code-check .

Starting linting the current package at /home/datainfosec/work/src/github.com/alactic/mygoproject/utils/connection
Starting "go vet" under the folder /home/datainfosec/work/src/github.com/alactic/mygoproject/utils/connection
Starting building the current package at /home/datainfosec/work/src/github.com/alactic/mygoproject/utils/connection
Not able to determine import path of current package by using cwd: /home/datainfosec/work/src/github.com/alactic/mygoproject/utils/connection and Go workspace: 
/home/datainfosec/work/src/github.com/alactic/mygoproject/utils/connection>Finished running tool: /home/datainfosec/go/bin/golint
/home/datainfosec/work/src/github.com/alactic/mygoproject/utils/connection/connection.go:10: exported function Connection should have comment or be unexported

/home/datainfosec/work/src/github.com/alactic/mygoproject/utils/connection>Finished running tool: /usr/bin/go build -i -o /tmp/vscode-goM26lvG/go-code-check .

/home/datainfosec/work/src/github.com/alactic/mygoproject/utils/connection>Finished running tool: /usr/bin/go vet .

Starting linting the current package at /home/datainfosec/work/src/github.com/alactic/mygoproject/utils/connection
Starting "go vet" under the folder /home/datainfosec/work/src/github.com/alactic/mygoproject/utils/connection
Starting building the current package at /home/datainfosec/work/src/github.com/alactic/mygoproject/utils/connection
Not able to determine import path of current package by using cwd: /home/datainfosec/work/src/github.com/alactic/mygoproject/utils/connection and Go workspace: 
/home/datainfosec/work/src/github.com/alactic/mygoproject/utils/connection>Finished running tool: /home/datainfosec/go/bin/golint
/home/datainfosec/work/src/github.com/alactic/mygoproject/utils/connection/connection.go:10: exported function Connection should have comment or be unexported

/home/datainfosec/work/src/github.com/alactic/mygoproject/utils/connection>Finished running tool: /usr/bin/go build -i -o /tmp/vscode-goM26lvG/go-code-check .

/home/datainfosec/work/src/github.com/alactic/mygoproject/utils/connection>Finished running tool: /usr/bin/go vet .

Starting linting the current package at /home/datainfosec/work/src/github.com/alactic/mygoproject/utils/connection
Starting "go vet" under the folder /home/datainfosec/work/src/github.com/alactic/mygoproject/utils/connection
Starting building the current package at /home/datainfosec/work/src/github.com/alactic/mygoproject/utils/connection
Not able to determine import path of current package by using cwd: /home/datainfosec/work/src/github.com/alactic/mygoproject/utils/connection and Go workspace: 
/home/datainfosec/work/src/github.com/alactic/mygoproject/utils/connection>Finished running tool: /home/datainfosec/go/bin/golint
/home/datainfosec/work/src/github.com/alactic/mygoproject/utils/connection/connection.go:10: exported function Connection should have comment or be unexported

/home/datainfosec/work/src/github.com/alactic/mygoproject/utils/connection>Finished running tool: /usr/bin/go build -i -o /tmp/vscode-goM26lvG/go-code-check .

/home/datainfosec/work/src/github.com/alactic/mygoproject/utils/connection>Finished running tool: /usr/bin/go vet .

Starting linting the current package at /home/datainfosec/work/src/github.com/alactic/mygoproject/utils/connection
Starting "go vet" under the folder /home/datainfosec/work/src/github.com/alactic/mygoproject/utils/connection
Starting building the current package at /home/datainfosec/work/src/github.com/alactic/mygoproject/utils/connection
Not able to determine import path of current package by using cwd: /home/datainfosec/work/src/github.com/alactic/mygoproject/utils/connection and Go workspace: 
/home/datainfosec/work/src/github.com/alactic/mygoproject/utils/connection>Finished running tool: /home/datainfosec/go/bin/golint
/home/datainfosec/work/src/github.com/alactic/mygoproject/utils/connection/connection.go:10: exported function Connection should have comment or be unexported

/home/datainfosec/work/src/github.com/alactic/mygoproject/utils/connection>Finished running tool: /usr/bin/go build -i -o /tmp/vscode-goM26lvG/go-code-check .

/home/datainfosec/work/src/github.com/alactic/mygoproject/utils/connection>Finished running tool: /usr/bin/go vet .

Starting linting the current package at /home/datainfosec/work/src/github.com/alactic/mygoproject
Starting "go vet" under the folder /home/datainfosec/work/src/github.com/alactic/mygoproject
Starting building the current package at /home/datainfosec/work/src/github.com/alactic/mygoproject
Not able to determine import path of current package by using cwd: /home/datainfosec/work/src/github.com/alactic/mygoproject and Go workspace: 
/home/datainfosec/work/src/github.com/alactic/mygoproject>Finished running tool: /home/datainfosec/go/bin/golint

/home/datainfosec/work/src/github.com/alactic/mygoproject>Finished running tool: /usr/bin/go vet .

/home/datainfosec/work/src/github.com/alactic/mygoproject>Finished running tool: /usr/bin/go build -i -o /tmp/vscode-goM26lvG/go-code-check .

Starting linting the current package at /home/datainfosec/work/src/github.com/alactic/mygoproject
Starting "go vet" under the folder /home/datainfosec/work/src/github.com/alactic/mygoproject
Starting building the current package at /home/datainfosec/work/src/github.com/alactic/mygoproject
Not able to determine import path of current package by using cwd: /home/datainfosec/work/src/github.com/alactic/mygoproject and Go workspace: 
/home/datainfosec/work/src/github.com/alactic/mygoproject>Finished running tool: /home/datainfosec/go/bin/golint

/home/datainfosec/work/src/github.com/alactic/mygoproject>Finished running tool: /usr/bin/go build -i -o /tmp/vscode-goM26lvG/go-code-check .
/home/datainfosec/work/src/github.com/alactic/mygoproject/main.go:18: undefined: fmt

/home/datainfosec/work/src/github.com/alactic/mygoproject>Finished running tool: /usr/bin/go vet .
/home/datainfosec/work/src/github.com/alactic/mygoproject/main.go:18: undefined: fmt

Starting linting the current package at /home/datainfosec/work/src/github.com/alactic/mygoproject
Starting "go vet" under the folder /home/datainfosec/work/src/github.com/alactic/mygoproject
Starting building the current package at /home/datainfosec/work/src/github.com/alactic/mygoproject
Not able to determine import path of current package by using cwd: /home/datainfosec/work/src/github.com/alactic/mygoproject and Go workspace: 
/home/datainfosec/work/src/github.com/alactic/mygoproject>Finished running tool: /home/datainfosec/go/bin/golint

/home/datainfosec/work/src/github.com/alactic/mygoproject>Finished running tool: /usr/bin/go vet .

/home/datainfosec/work/src/github.com/alactic/mygoproject>Finished running tool: /usr/bin/go build -i -o /tmp/vscode-goM26lvG/go-code-check .

Starting linting the current package at /home/datainfosec/work/src/github.com/alactic/mygoproject
Starting "go vet" under the folder /home/datainfosec/work/src/github.com/alactic/mygoproject
Starting building the current package at /home/datainfosec/work/src/github.com/alactic/mygoproject
Not able to determine import path of current package by using cwd: /home/datainfosec/work/src/github.com/alactic/mygoproject and Go workspace: 
/home/datainfosec/work/src/github.com/alactic/mygoproject>Finished running tool: /home/datainfosec/go/bin/golint

/home/datainfosec/work/src/github.com/alactic/mygoproject>Finished running tool: /usr/bin/go vet .

/home/datainfosec/work/src/github.com/alactic/mygoproject>Finished running tool: /usr/bin/go build -i -o /tmp/vscode-goM26lvG/go-code-check .

Starting linting the current package at /home/datainfosec/work/src/github.com/alactic/mygoproject/utils/connection
Starting "go vet" under the folder /home/datainfosec/work/src/github.com/alactic/mygoproject/utils/connection
Starting building the current package at /home/datainfosec/work/src/github.com/alactic/mygoproject/utils/connection
Not able to determine import path of current package by using cwd: /home/datainfosec/work/src/github.com/alactic/mygoproject/utils/connection and Go workspace: 
/home/datainfosec/work/src/github.com/alactic/mygoproject/utils/connection>Finished running tool: /home/datainfosec/go/bin/golint
/home/datainfosec/work/src/github.com/alactic/mygoproject/utils/connection/connection.go:10: exported function Connection should have comment or be unexported

/home/datainfosec/work/src/github.com/alactic/mygoproject/utils/connection>Finished running tool: /usr/bin/go build -i -o /tmp/vscode-goM26lvG/go-code-check .

/home/datainfosec/work/src/github.com/alactic/mygoproject/utils/connection>Finished running tool: /usr/bin/go vet .

Starting linting the current package at /home/datainfosec/work/src/github.com/alactic/mygoproject/utils/connection
Starting "go vet" under the folder /home/datainfosec/work/src/github.com/alactic/mygoproject/utils/connection
Starting building the current package at /home/datainfosec/work/src/github.com/alactic/mygoproject/utils/connection
Not able to determine import path of current package by using cwd: /home/datainfosec/work/src/github.com/alactic/mygoproject/utils/connection and Go workspace: 
/home/datainfosec/work/src/github.com/alactic/mygoproject/utils/connection>Finished running tool: /home/datainfosec/go/bin/golint
/home/datainfosec/work/src/github.com/alactic/mygoproject/utils/connection/connection.go:10: exported function Connection should have comment or be unexported

/home/datainfosec/work/src/github.com/alactic/mygoproject/utils/connection>Finished running tool: /usr/bin/go build -i -o /tmp/vscode-goM26lvG/go-code-check .

/home/datainfosec/work/src/github.com/alactic/mygoproject/utils/connection>Finished running tool: /usr/bin/go vet .

Starting linting the current package at /home/datainfosec/work/src/github.com/alactic/mygoproject/utils/connection
Starting "go vet" under the folder /home/datainfosec/work/src/github.com/alactic/mygoproject/utils/connection
Starting building the current package at /home/datainfosec/work/src/github.com/alactic/mygoproject/utils/connection
Not able to determine import path of current package by using cwd: /home/datainfosec/work/src/github.com/alactic/mygoproject/utils/connection and Go workspace: 
/home/datainfosec/work/src/github.com/alactic/mygoproject/utils/connection>Finished running tool: /home/datainfosec/go/bin/golint
/home/datainfosec/work/src/github.com/alactic/mygoproject/utils/connection/connection.go:10: exported function Connection should have comment or be unexported

/home/datainfosec/work/src/github.com/alactic/mygoproject/utils/connection>Finished running tool: /usr/bin/go vet .
/home/datainfosec/work/src/github.com/alactic/mygoproject/utils/connection/connection.go:4: imported and not used: "fmt"

/home/datainfosec/work/src/github.com/alactic/mygoproject/utils/connection>Finished running tool: /usr/bin/go build -i -o /tmp/vscode-goM26lvG/go-code-check .
/home/datainfosec/work/src/github.com/alactic/mygoproject/utils/connection/connection.go:4: imported and not used: "fmt"

Starting linting the current package at /home/datainfosec/work/src/github.com/alactic/mygoproject/utils/connection
Starting "go vet" under the folder /home/datainfosec/work/src/github.com/alactic/mygoproject/utils/connection
Starting building the current package at /home/datainfosec/work/src/github.com/alactic/mygoproject/utils/connection
Not able to determine import path of current package by using cwd: /home/datainfosec/work/src/github.com/alactic/mygoproject/utils/connection and Go workspace: 
/home/datainfosec/work/src/github.com/alactic/mygoproject/utils/connection>Finished running tool: /home/datainfosec/go/bin/golint
/home/datainfosec/work/src/github.com/alactic/mygoproject/utils/connection/connection.go:9: exported function Connection should have comment or be unexported

/home/datainfosec/work/src/github.com/alactic/mygoproject/utils/connection>Finished running tool: /usr/bin/go build -i -o /tmp/vscode-goM26lvG/go-code-check .

/home/datainfosec/work/src/github.com/alactic/mygoproject/utils/connection>Finished running tool: /usr/bin/go vet .

Starting linting the current package at /home/datainfosec/work/src/github.com/alactic/mygoproject
Starting "go vet" under the folder /home/datainfosec/work/src/github.com/alactic/mygoproject
Starting building the current package at /home/datainfosec/work/src/github.com/alactic/mygoproject
Not able to determine import path of current package by using cwd: /home/datainfosec/work/src/github.com/alactic/mygoproject and Go workspace: 
/home/datainfosec/work/src/github.com/alactic/mygoproject>Finished running tool: /home/datainfosec/go/bin/golint

/home/datainfosec/work/src/github.com/alactic/mygoproject>Finished running tool: /usr/bin/go vet .

/home/datainfosec/work/src/github.com/alactic/mygoproject>Finished running tool: /usr/bin/go build -i -o /tmp/vscode-goM26lvG/go-code-check .

Starting linting the current package at /home/datainfosec/work/src/github.com/alactic/mygoproject/utils/connection
Starting "go vet" under the folder /home/datainfosec/work/src/github.com/alactic/mygoproject/utils/connection
Starting building the current package at /home/datainfosec/work/src/github.com/alactic/mygoproject/utils/connection
Not able to determine import path of current package by using cwd: /home/datainfosec/work/src/github.com/alactic/mygoproject/utils/connection and Go workspace: 
/home/datainfosec/work/src/github.com/alactic/mygoproject/utils/connection>Finished running tool: /home/datainfosec/go/bin/golint
/home/datainfosec/work/src/github.com/alactic/mygoproject/utils/connection/connection.go:10: exported function Connection should have comment or be unexported

/home/datainfosec/work/src/github.com/alactic/mygoproject/utils/connection>Finished running tool: /usr/bin/go vet .
/home/datainfosec/work/src/github.com/alactic/mygoproject/utils/connection/connection.go:4: imported and not used: "fmt"
/home/datainfosec/work/src/github.com/alactic/mygoproject/utils/connection/connection.go:5: imported and not used: "os"

/home/datainfosec/work/src/github.com/alactic/mygoproject/utils/connection>Finished running tool: /usr/bin/go build -i -o /tmp/vscode-goM26lvG/go-code-check .
/home/datainfosec/work/src/github.com/alactic/mygoproject/utils/connection/connection.go:4: imported and not used: "fmt"
/home/datainfosec/work/src/github.com/alactic/mygoproject/utils/connection/connection.go:5: imported and not used: "os"

Starting linting the current package at /home/datainfosec/work/src/github.com/alactic/mygoproject/utils/connection
Starting "go vet" under the folder /home/datainfosec/work/src/github.com/alactic/mygoproject/utils/connection
Starting building the current package at /home/datainfosec/work/src/github.com/alactic/mygoproject/utils/connection
Not able to determine import path of current package by using cwd: /home/datainfosec/work/src/github.com/alactic/mygoproject/utils/connection and Go workspace: 
/home/datainfosec/work/src/github.com/alactic/mygoproject/utils/connection>Finished running tool: /home/datainfosec/go/bin/golint
/home/datainfosec/work/src/github.com/alactic/mygoproject/utils/connection/connection.go:10: exported function Connection should have comment or be unexported

/home/datainfosec/work/src/github.com/alactic/mygoproject/utils/connection>Finished running tool: /usr/bin/go vet .
/home/datainfosec/work/src/github.com/alactic/mygoproject/utils/connection/connection.go:4: imported and not used: "fmt"
/home/datainfosec/work/src/github.com/alactic/mygoproject/utils/connection/connection.go:5: imported and not used: "os"

/home/datainfosec/work/src/github.com/alactic/mygoproject/utils/connection>Finished running tool: /usr/bin/go build -i -o /tmp/vscode-goM26lvG/go-code-check .
/home/datainfosec/work/src/github.com/alactic/mygoproject/utils/connection/connection.go:4: imported and not used: "fmt"
/home/datainfosec/work/src/github.com/alactic/mygoproject/utils/connection/connection.go:5: imported and not used: "os"

Starting linting the current package at /home/datainfosec/work/src/github.com/alactic/mygoproject
Starting "go vet" under the folder /home/datainfosec/work/src/github.com/alactic/mygoproject
Starting building the current package at /home/datainfosec/work/src/github.com/alactic/mygoproject
Not able to determine import path of current package by using cwd: /home/datainfosec/work/src/github.com/alactic/mygoproject and Go workspace: 
/home/datainfosec/work/src/github.com/alactic/mygoproject>Finished running tool: /home/datainfosec/go/bin/golint

/home/datainfosec/work/src/github.com/alactic/mygoproject>Finished running tool: /usr/bin/go vet .
/home/datainfosec/work/src/github.com/alactic/mygoproject/main.go:8: imported and not used: "os"

/home/datainfosec/work/src/github.com/alactic/mygoproject>Finished running tool: /usr/bin/go build -i -o /tmp/vscode-goM26lvG/go-code-check .
/home/datainfosec/work/src/github.com/alactic/mygoproject/main.go:8: imported and not used: "os"

Starting linting the current package at /home/datainfosec/work/src/github.com/alactic/mygoproject
Starting "go vet" under the folder /home/datainfosec/work/src/github.com/alactic/mygoproject
Starting building the current package at /home/datainfosec/work/src/github.com/alactic/mygoproject
Not able to determine import path of current package by using cwd: /home/datainfosec/work/src/github.com/alactic/mygoproject and Go workspace: 
/home/datainfosec/work/src/github.com/alactic/mygoproject>Finished running tool: /home/datainfosec/go/bin/golint

/home/datainfosec/work/src/github.com/alactic/mygoproject>Finished running tool: /usr/bin/go vet .

/home/datainfosec/work/src/github.com/alactic/mygoproject>Finished running tool: /usr/bin/go build -i -o /tmp/vscode-goM26lvG/go-code-check .

Starting linting the current package at /home/datainfosec/work/src/github.com/alactic/mygoproject
Starting "go vet" under the folder /home/datainfosec/work/src/github.com/alactic/mygoproject
Starting building the current package at /home/datainfosec/work/src/github.com/alactic/mygoproject
Not able to determine import path of current package by using cwd: /home/datainfosec/work/src/github.com/alactic/mygoproject and Go workspace: 
/home/datainfosec/work/src/github.com/alactic/mygoproject>Finished running tool: /home/datainfosec/go/bin/golint

/home/datainfosec/work/src/github.com/alactic/mygoproject>Finished running tool: /usr/bin/go vet .
/home/datainfosec/work/src/github.com/alactic/mygoproject/main.go:4: imported and not used: "fmt"

/home/datainfosec/work/src/github.com/alactic/mygoproject>Finished running tool: /usr/bin/go build -i -o /tmp/vscode-goM26lvG/go-code-check .
/home/datainfosec/work/src/github.com/alactic/mygoproject/main.go:4: imported and not used: "fmt"

Starting linting the current package at /home/datainfosec/work/src/github.com/alactic/mygoproject
Starting "go vet" under the folder /home/datainfosec/work/src/github.com/alactic/mygoproject
Starting building the current package at /home/datainfosec/work/src/github.com/alactic/mygoproject
Not able to determine import path of current package by using cwd: /home/datainfosec/work/src/github.com/alactic/mygoproject and Go workspace: 
/home/datainfosec/work/src/github.com/alactic/mygoproject>Finished running tool: /home/datainfosec/go/bin/golint

/home/datainfosec/work/src/github.com/alactic/mygoproject>Finished running tool: /usr/bin/go vet .

/home/datainfosec/work/src/github.com/alactic/mygoproject>Finished running tool: /usr/bin/go build -i -o /tmp/vscode-goM26lvG/go-code-check .

Starting linting the current package at /home/datainfosec/work/src/github.com/alactic/mygoproject/utils/connection
Starting "go vet" under the folder /home/datainfosec/work/src/github.com/alactic/mygoproject/utils/connection
Starting building the current package at /home/datainfosec/work/src/github.com/alactic/mygoproject/utils/connection
Not able to determine import path of current package by using cwd: /home/datainfosec/work/src/github.com/alactic/mygoproject/utils/connection and Go workspace: 
/home/datainfosec/work/src/github.com/alactic/mygoproject/utils/connection>Finished running tool: /home/datainfosec/go/bin/golint
/home/datainfosec/work/src/github.com/alactic/mygoproject/utils/connection/connection.go:10: exported function Connection should have comment or be unexported

/home/datainfosec/work/src/github.com/alactic/mygoproject/utils/connection>Finished running tool: /usr/bin/go vet .
/home/datainfosec/work/src/github.com/alactic/mygoproject/utils/connection/connection.go:4: imported and not used: "fmt"
/home/datainfosec/work/src/github.com/alactic/mygoproject/utils/connection/connection.go:5: imported and not used: "os"

/home/datainfosec/work/src/github.com/alactic/mygoproject/utils/connection>Finished running tool: /usr/bin/go build -i -o /tmp/vscode-goM26lvG/go-code-check .
/home/datainfosec/work/src/github.com/alactic/mygoproject/utils/connection/connection.go:4: imported and not used: "fmt"
/home/datainfosec/work/src/github.com/alactic/mygoproject/utils/connection/connection.go:5: imported and not used: "os"

Starting linting the current package at /home/datainfosec/work/src/github.com/alactic/mygoproject/utils/connection
Starting "go vet" under the folder /home/datainfosec/work/src/github.com/alactic/mygoproject/utils/connection
Starting building the current package at /home/datainfosec/work/src/github.com/alactic/mygoproject/utils/connection
Not able to determine import path of current package by using cwd: /home/datainfosec/work/src/github.com/alactic/mygoproject/utils/connection and Go workspace: 
/home/datainfosec/work/src/github.com/alactic/mygoproject/utils/connection>Finished running tool: /home/datainfosec/go/bin/golint
/home/datainfosec/work/src/github.com/alactic/mygoproject/utils/connection/connection.go:10: exported function Connection should have comment or be unexported

/home/datainfosec/work/src/github.com/alactic/mygoproject/utils/connection>Finished running tool: /usr/bin/go build -i -o /tmp/vscode-goM26lvG/go-code-check .
/home/datainfosec/work/src/github.com/alactic/mygoproject/utils/connection/connection.go:4: imported and not used: "fmt"
/home/datainfosec/work/src/github.com/alactic/mygoproject/utils/connection/connection.go:5: imported and not used: "os"

/home/datainfosec/work/src/github.com/alactic/mygoproject/utils/connection>Finished running tool: /usr/bin/go vet .
/home/datainfosec/work/src/github.com/alactic/mygoproject/utils/connection/connection.go:4: imported and not used: "fmt"
/home/datainfosec/work/src/github.com/alactic/mygoproject/utils/connection/connection.go:5: imported and not used: "os"

Starting linting the current package at /home/datainfosec/work/src/github.com/alactic/mygoproject/utils/connection
Starting "go vet" under the folder /home/datainfosec/work/src/github.com/alactic/mygoproject/utils/connection
Starting building the current package at /home/datainfosec/work/src/github.com/alactic/mygoproject/utils/connection
Not able to determine import path of current package by using cwd: /home/datainfosec/work/src/github.com/alactic/mygoproject/utils/connection and Go workspace: 
/home/datainfosec/work/src/github.com/alactic/mygoproject/utils/connection>Finished running tool: /home/datainfosec/go/bin/golint
/home/datainfosec/work/src/github.com/alactic/mygoproject/utils/connection/connection.go:10: exported function Connection should have comment or be unexported

/home/datainfosec/work/src/github.com/alactic/mygoproject/utils/connection>Finished running tool: /usr/bin/go build -i -o /tmp/vscode-goM26lvG/go-code-check .
/home/datainfosec/work/src/github.com/alactic/mygoproject/utils/connection/connection.go:5: imported and not used: "os"

/home/datainfosec/work/src/github.com/alactic/mygoproject/utils/connection>Finished running tool: /usr/bin/go vet .
/home/datainfosec/work/src/github.com/alactic/mygoproject/utils/connection/connection.go:5: imported and not used: "os"

Starting linting the current package at /home/datainfosec/work/src/github.com/alactic/mygoproject/utils/connection
Starting "go vet" under the folder /home/datainfosec/work/src/github.com/alactic/mygoproject/utils/connection
Starting building the current package at /home/datainfosec/work/src/github.com/alactic/mygoproject/utils/connection
Not able to determine import path of current package by using cwd: /home/datainfosec/work/src/github.com/alactic/mygoproject/utils/connection and Go workspace: 
/home/datainfosec/work/src/github.com/alactic/mygoproject/utils/connection>Finished running tool: /home/datainfosec/go/bin/golint
/home/datainfosec/work/src/github.com/alactic/mygoproject/utils/connection/connection.go:10: exported function Connection should have comment or be unexported

/home/datainfosec/work/src/github.com/alactic/mygoproject/utils/connection>Finished running tool: /usr/bin/go vet .
/home/datainfosec/work/src/github.com/alactic/mygoproject/utils/connection/connection.go:5: imported and not used: "os"

/home/datainfosec/work/src/github.com/alactic/mygoproject/utils/connection>Finished running tool: /usr/bin/go build -i -o /tmp/vscode-goM26lvG/go-code-check .
/home/datainfosec/work/src/github.com/alactic/mygoproject/utils/connection/connection.go:5: imported and not used: "os"

