[2019-11-04 10:55:05.931] [exthost] [info] extension host started
[2019-11-04 10:55:05.951] [exthost] [info] ExtensionService#_doActivateExtension vscode.debug-auto-launch {"startup":true,"extensionId":{"value":"vscode.debug-auto-launch","_lower":"vscode.debug-auto-launch"},"activationEvent":"*"}
[2019-11-04 10:55:05.951] [exthost] [info] ExtensionService#loadCommonJSModule file:///snap/code/18/usr/share/code/resources/app/extensions/debug-auto-launch/dist/extension
[2019-11-04 10:55:06.106] [exthost] [info] ExtensionService#_doActivateExtension vscode.emmet {"startup":true,"extensionId":{"value":"vscode.emmet","_lower":"vscode.emmet"},"activationEvent":"*"}
[2019-11-04 10:55:06.106] [exthost] [info] ExtensionService#loadCommonJSModule file:///snap/code/18/usr/share/code/resources/app/extensions/emmet/dist/extension
[2019-11-04 10:55:06.563] [exthost] [info] ExtensionService#_doActivateExtension vscode.git {"startup":true,"extensionId":{"value":"vscode.git","_lower":"vscode.git"},"activationEvent":"*"}
[2019-11-04 10:55:06.563] [exthost] [info] ExtensionService#loadCommonJSModule file:///snap/code/18/usr/share/code/resources/app/extensions/git/dist/main
[2019-11-04 10:55:08.565] [exthost] [info] ExtensionService#_doActivateExtension vscode.merge-conflict {"startup":true,"extensionId":{"value":"vscode.merge-conflict","_lower":"vscode.merge-conflict"},"activationEvent":"*"}
[2019-11-04 10:55:08.565] [exthost] [info] ExtensionService#loadCommonJSModule file:///snap/code/18/usr/share/code/resources/app/extensions/merge-conflict/dist/extension
[2019-11-04 10:55:08.794] [exthost] [info] ExtensionService#_doActivateExtension dbaeumer.vscode-eslint {"startup":true,"extensionId":{"value":"dbaeumer.vscode-eslint","_lower":"dbaeumer.vscode-eslint"},"activationEvent":"*"}
[2019-11-04 10:55:08.794] [exthost] [info] ExtensionService#loadCommonJSModule file:///home/datainfosec/.vscode/extensions/dbaeumer.vscode-eslint-1.9.1/client/out/extension
[2019-11-04 10:55:09.396] [exthost] [info] eager extensions activated
[2019-11-04 10:56:08.787] [exthost] [info] extension host started
[2019-11-04 10:56:08.795] [exthost] [info] ExtensionService#_doActivateExtension vscode.debug-auto-launch {"startup":true,"extensionId":{"value":"vscode.debug-auto-launch","_lower":"vscode.debug-auto-launch"},"activationEvent":"*"}
[2019-11-04 10:56:08.795] [exthost] [info] ExtensionService#loadCommonJSModule file:///snap/code/18/usr/share/code/resources/app/extensions/debug-auto-launch/dist/extension
[2019-11-04 10:56:08.799] [exthost] [info] ExtensionService#_doActivateExtension vscode.emmet {"startup":true,"extensionId":{"value":"vscode.emmet","_lower":"vscode.emmet"},"activationEvent":"*"}
[2019-11-04 10:56:08.799] [exthost] [info] ExtensionService#loadCommonJSModule file:///snap/code/18/usr/share/code/resources/app/extensions/emmet/dist/extension
[2019-11-04 10:56:08.826] [exthost] [info] ExtensionService#_doActivateExtension vscode.git {"startup":true,"extensionId":{"value":"vscode.git","_lower":"vscode.git"},"activationEvent":"*"}
[2019-11-04 10:56:08.826] [exthost] [info] ExtensionService#loadCommonJSModule file:///snap/code/18/usr/share/code/resources/app/extensions/git/dist/main
[2019-11-04 10:56:08.886] [exthost] [info] ExtensionService#_doActivateExtension vscode.merge-conflict {"startup":true,"extensionId":{"value":"vscode.merge-conflict","_lower":"vscode.merge-conflict"},"activationEvent":"*"}
[2019-11-04 10:56:08.886] [exthost] [info] ExtensionService#loadCommonJSModule file:///snap/code/18/usr/share/code/resources/app/extensions/merge-conflict/dist/extension
[2019-11-04 10:56:08.889] [exthost] [info] ExtensionService#_doActivateExtension dbaeumer.vscode-eslint {"startup":true,"extensionId":{"value":"dbaeumer.vscode-eslint","_lower":"dbaeumer.vscode-eslint"},"activationEvent":"*"}
[2019-11-04 10:56:08.889] [exthost] [info] ExtensionService#loadCommonJSModule file:///home/datainfosec/.vscode/extensions/dbaeumer.vscode-eslint-1.9.1/client/out/extension
[2019-11-04 10:56:08.906] [exthost] [info] eager extensions activated
[2019-11-04 11:03:07.520] [exthost] [info] ExtensionService#_doActivateExtension ms-vscode.Go {"startup":false,"extensionId":{"value":"ms-vscode.Go","_lower":"ms-vscode.go"},"activationEvent":"onLanguage:go"}
[2019-11-04 11:03:07.520] [exthost] [info] ExtensionService#loadCommonJSModule file:///home/datainfosec/.vscode/extensions/ms-vscode.go-0.11.7/out/src/goMain
[2019-11-04 11:09:55.269] [exthost] [error] [ms-vscode.Go] provider FAILED
[2019-11-04 11:09:55.269] [exthost] [error] Command failed: /home/datainfosec/go/bin/godef -t -i -f /home/datainfosec/work/src/github.com/alactic/mygoproject/main.go -o 199
godef: no declaration found for &{os Setenv}

